[2023-12-20T19:07:51.823560+00:00] main.ERROR: Parameter validation failed
#0 /home/cloudpanel/htdocs/govind.mgtcommerce.com/vendor/symfony/console/Command/Command.php(264): Magento\Setup\Console\Command\InstallCommand->initialize()
#1 /home/cloudpanel/htdocs/govind.mgtcommerce.com/vendor/symfony/console/Application.php(1040): Symfony\Component\Console\Command\Command->run()
#2 /home/cloudpanel/htdocs/govind.mgtcommerce.com/vendor/symfony/console/Application.php(301): Symfony\Component\Console\Application->doRunCommand()
#3 /home/cloudpanel/htdocs/govind.mgtcommerce.com/vendor/magento/framework/Console/Cli.php(116): Symfony\Component\Console\Application->doRun()
#4 /home/cloudpanel/htdocs/govind.mgtcommerce.com/vendor/symfony/console/Application.php(171): Magento\Framework\Console\Cli->doRun()
#5 /home/cloudpanel/htdocs/govind.mgtcommerce.com/bin/magento(23): Symfony\Component\Console\Application->run()
#6 {main} [] []
[2023-12-20T19:16:40.921115+00:00] main.ERROR: Sample Data error: Warning: file_get_contents(/home/cloudpanel/htdocs/govind.mgtcommerce.com/pub/media/downloadable/files/links/l/u/luma_background_-_model_against_fence_4_sec_.mp4): Failed to open stream: No such file or directory in /home/cloudpanel/htdocs/govind.mgtcommerce.com/vendor/magento/module-downloadable-sample-data/Model/Product/Converter.php on line 132 [] []
[2023-12-20T19:16:48.098722+00:00] main.ERROR: Sample Data error: File directory 'pub/media/catalog/product' is not writable. [] []
[2023-12-20T19:17:01.292580+00:00] main.ERROR: Sample Data error: Require product with SKU#WJ01 not found! [] []
[2023-12-20T19:17:09.428466+00:00] main.ERROR: Please specify order items. [] []
[2023-12-20T19:17:09.429371+00:00] main.ERROR: Sample Data error: Validation is failed. [] []
[2023-12-21T09:26:40.879436+00:00] main.ERROR: NOTE: Manual static content deployment is not required in "default" and "developer" modes.
In "default" and "developer" modes static contents are being deployed automatically on demand.
If you still want to deploy in these modes, use -f option: 'bin/magento setup:static-content:deploy -f'
#0 /home/cloudpanel/htdocs/govind.mgtcommerce.com/setup/src/Magento/Setup/Console/Command/DeployStaticContentCommand.php(112): Magento\Setup\Console\Command\DeployStaticContentCommand->checkAppMode()
#1 /home/cloudpanel/htdocs/govind.mgtcommerce.com/vendor/symfony/console/Command/Command.php(298): Magento\Setup\Console\Command\DeployStaticContentCommand->execute()
#2 /home/cloudpanel/htdocs/govind.mgtcommerce.com/vendor/symfony/console/Application.php(1040): Symfony\Component\Console\Command\Command->run()
#3 /home/cloudpanel/htdocs/govind.mgtcommerce.com/vendor/symfony/console/Application.php(301): Symfony\Component\Console\Application->doRunCommand()
#4 /home/cloudpanel/htdocs/govind.mgtcommerce.com/vendor/magento/framework/Console/Cli.php(116): Symfony\Component\Console\Application->doRun()
#5 /home/cloudpanel/htdocs/govind.mgtcommerce.com/vendor/symfony/console/Application.php(171): Magento\Framework\Console\Cli->doRun()
#6 /home/cloudpanel/htdocs/govind.mgtcommerce.com/bin/magento(23): Symfony\Component\Console\Application->run()
#7 {main} [] []
[2023-12-21T10:17:36.340520+00:00] main.ERROR: Connection to Redis tcp://govindproject.cvtfb4uhbukm.us-east-1.rds.amazonaws.com:6379 failed after 11 failures.Last Error : (1) Connection timed out [] []
[2023-12-21T10:47:24.617446+00:00] main.ERROR: NOTE: Manual static content deployment is not required in "default" and "developer" modes.
In "default" and "developer" modes static contents are being deployed automatically on demand.
If you still want to deploy in these modes, use -f option: 'bin/magento setup:static-content:deploy -f'
#0 /home/cloudpanel/htdocs/govind.mgtcommerce.com/setup/src/Magento/Setup/Console/Command/DeployStaticContentCommand.php(112): Magento\Setup\Console\Command\DeployStaticContentCommand->checkAppMode()
#1 /home/cloudpanel/htdocs/govind.mgtcommerce.com/vendor/symfony/console/Command/Command.php(298): Magento\Setup\Console\Command\DeployStaticContentCommand->execute()
#2 /home/cloudpanel/htdocs/govind.mgtcommerce.com/vendor/symfony/console/Application.php(1040): Symfony\Component\Console\Command\Command->run()
#3 /home/cloudpanel/htdocs/govind.mgtcommerce.com/vendor/symfony/console/Application.php(301): Symfony\Component\Console\Application->doRunCommand()
#4 /home/cloudpanel/htdocs/govind.mgtcommerce.com/vendor/magento/framework/Console/Cli.php(116): Symfony\Component\Console\Application->doRun()
#5 /home/cloudpanel/htdocs/govind.mgtcommerce.com/vendor/symfony/console/Application.php(171): Magento\Framework\Console\Cli->doRun()
#6 /home/cloudpanel/htdocs/govind.mgtcommerce.com/bin/magento(23): Symfony\Component\Console\Application->run()
#7 {main} [] []
[2023-12-21T10:48:58.544035+00:00] main.INFO: Item Magento_Backend::system_currency was removed [] []
[2023-12-21T10:48:58.556047+00:00] main.INFO: Add of item with id Magento_Config::system_config was processed [] []
[2023-12-21T10:48:58.556207+00:00] main.INFO: Add of item with id Magento_AdminNotification::system_adminnotification was processed [] []
[2023-12-21T10:48:58.556273+00:00] main.INFO: Add of item with id Magento_Theme::design_config was processed [] []
[2023-12-21T10:48:58.556327+00:00] main.INFO: Add of item with id Magento_Theme::system_design_theme was processed [] []
[2023-12-21T10:48:58.556377+00:00] main.INFO: Add of item with id Magento_Backend::system_design_schedule was processed [] []
[2023-12-21T10:48:58.556427+00:00] main.INFO: Add of item with id Magento_Backend::system_store was processed [] []
[2023-12-21T10:48:58.556475+00:00] main.INFO: Add of item with id Magento_Backend::dashboard was processed [] []
[2023-12-21T10:48:58.556558+00:00] main.INFO: Add of item with id Magento_Backend::system was processed [] []
[2023-12-21T10:48:58.556615+00:00] main.INFO: Add of item with id Magento_Backend::system_tools was processed [] []
[2023-12-21T10:48:58.556670+00:00] main.INFO: Add of item with id Magento_Backend::system_design was processed [] []
[2023-12-21T10:48:58.556719+00:00] main.INFO: Add of item with id Magento_Backend::system_convert was processed [] []
[2023-12-21T10:48:58.556772+00:00] main.INFO: Add of item with id Magento_Backend::system_cache was processed [] []
[2023-12-21T10:48:58.556821+00:00] main.INFO: Add of item with id Magento_Backend::marketing was processed [] []
[2023-12-21T10:48:58.556874+00:00] main.INFO: Add of item with id Magento_Backend::marketing_communications was processed [] []
[2023-12-21T10:48:58.556944+00:00] main.INFO: Add of item with id Magento_Backend::marketing_seo was processed [] []
[2023-12-21T10:48:58.557009+00:00] main.INFO: Add of item with id Magento_Backend::marketing_user_content was processed [] []
[2023-12-21T10:48:58.557059+00:00] main.INFO: Add of item with id Magento_Backend::content was processed [] []
[2023-12-21T10:48:58.557106+00:00] main.INFO: Add of item with id Magento_Backend::content_elements was processed [] []
[2023-12-21T10:48:58.557153+00:00] main.INFO: Add of item with id Magento_Backend::stores was processed [] []
[2023-12-21T10:48:58.557208+00:00] main.INFO: Add of item with id Magento_Backend::stores_settings was processed [] []
[2023-12-21T10:48:58.557257+00:00] main.INFO: Add of item with id Magento_Backend::stores_attributes was processed [] []
[2023-12-21T10:48:58.557304+00:00] main.INFO: Add of item with id Magento_Backend::other_settings was processed [] []
[2023-12-21T10:48:58.557351+00:00] main.INFO: Add of item with id Magento_Backend::system_other_settings was processed [] []
[2023-12-21T10:48:58.557397+00:00] main.INFO: Add of item with id Magento_User::system_acl was processed [] []
[2023-12-21T10:48:58.557451+00:00] main.INFO: Add of item with id Magento_User::system_acl_users was processed [] []
[2023-12-21T10:48:58.557498+00:00] main.INFO: Add of item with id Magento_User::system_acl_roles was processed [] []
[2023-12-21T10:48:58.557562+00:00] main.INFO: Add of item with id Magento_User::system_acl_locks was processed [] []
[2023-12-21T10:48:58.557611+00:00] main.INFO: Add of item with id Magento_Customer::customer was processed [] []
[2023-12-21T10:48:58.557667+00:00] main.INFO: Add of item with id Magento_Customer::customer_manage was processed [] []
[2023-12-21T10:48:58.557741+00:00] main.INFO: Add of item with id Magento_Customer::customer_online was processed [] []
[2023-12-21T10:48:58.557789+00:00] main.INFO: Add of item with id Magento_Customer::customer_group was processed [] []
[2023-12-21T10:48:58.557843+00:00] main.INFO: Add of item with id Magento_Backup::system_tools_backup was processed [] []
[2023-12-21T10:48:58.557907+00:00] main.INFO: Add of item with id Magento_Indexer::system_index was processed [] []
[2023-12-21T10:48:58.557957+00:00] main.INFO: Add of item with id Magento_Variable::system_variable was processed [] []
[2023-12-21T10:48:58.558011+00:00] main.INFO: Add of item with id Magento_Cms::cms_page was processed [] []
[2023-12-21T10:48:58.558060+00:00] main.INFO: Add of item with id Magento_Cms::cms_block was processed [] []
[2023-12-21T10:48:58.558115+00:00] main.INFO: Add of item with id Magento_Catalog::catalog was processed [] []
[2023-12-21T10:48:58.558170+00:00] main.INFO: Add of item with id Magento_Catalog::catalog_products was processed [] []
[2023-12-21T10:48:58.558218+00:00] main.INFO: Add of item with id Magento_Catalog::catalog_categories was processed [] []
[2023-12-21T10:48:58.558271+00:00] main.INFO: Add of item with id Magento_Catalog::catalog_attributes_attributes was processed [] []
[2023-12-21T10:48:58.558319+00:00] main.INFO: Add of item with id Magento_Catalog::catalog_attributes_sets was processed [] []
[2023-12-21T10:48:58.558371+00:00] main.INFO: Add of item with id Magento_Catalog::inventory was processed [] []
[2023-12-21T10:48:58.558423+00:00] main.INFO: Add of item with id Magento_Search::search_terms was processed [] []
[2023-12-21T10:48:58.558471+00:00] main.INFO: Add of item with id Magento_Search::search_synonyms was processed [] []
[2023-12-21T10:48:58.558518+00:00] main.INFO: Add of item with id Magento_CatalogRule::promo was processed [] []
[2023-12-21T10:48:58.558569+00:00] main.INFO: Add of item with id Magento_CatalogRule::promo_catalog was processed [] []
[2023-12-21T10:48:58.558617+00:00] main.INFO: Add of item with id Magento_Sales::sales was processed [] []
[2023-12-21T10:48:58.558668+00:00] main.INFO: Add of item with id Magento_Sales::sales_operation was processed [] []
[2023-12-21T10:48:58.558720+00:00] main.INFO: Add of item with id Magento_Sales::sales_order was processed [] []
[2023-12-21T10:48:58.558767+00:00] main.INFO: Add of item with id Magento_Sales::sales_invoice was processed [] []
[2023-12-21T10:48:58.558814+00:00] main.INFO: Add of item with id Magento_Sales::sales_shipment was processed [] []
[2023-12-21T10:48:58.558860+00:00] main.INFO: Add of item with id Magento_Sales::sales_creditmemo was processed [] []
[2023-12-21T10:48:58.558907+00:00] main.INFO: Add of item with id Magento_Sales::sales_transactions was processed [] []
[2023-12-21T10:48:58.558954+00:00] main.INFO: Add of item with id Magento_Sales::system_order_statuses was processed [] []
[2023-12-21T10:48:58.559000+00:00] main.INFO: Add of item with id Magento_MediaGalleryUi::media was processed [] []
[2023-12-21T10:48:58.559054+00:00] main.INFO: Add of item with id Magento_MediaGalleryUi::media_gallery was processed [] []
[2023-12-21T10:48:58.559106+00:00] main.INFO: Add of item with id Magento_Downloadable::report_products_downloads was processed [] []
[2023-12-21T10:48:58.559153+00:00] main.INFO: Add of item with id Magento_Integration::system_extensions was processed [] []
[2023-12-21T10:48:58.559205+00:00] main.INFO: Add of item with id Magento_Integration::system_integrations was processed [] []
[2023-12-21T10:48:58.559253+00:00] main.INFO: Add of item with id Magento_UrlRewrite::urlrewrite was processed [] []
[2023-12-21T10:48:58.559300+00:00] main.INFO: Add of item with id Magento_Tax::sales_tax was processed [] []
[2023-12-21T10:48:58.559352+00:00] main.INFO: Add of item with id Magento_Tax::sales_tax_rules was processed [] []
[2023-12-21T10:48:58.559401+00:00] main.INFO: Add of item with id Magento_Tax::sales_tax_rates was processed [] []
[2023-12-21T10:48:58.559457+00:00] main.INFO: Add of item with id Magento_Widget::cms_widget_instance was processed [] []
[2023-12-21T10:48:58.559511+00:00] main.INFO: Add of item with id Magento_Analytics::business_intelligence was processed [] []
[2023-12-21T10:48:58.559568+00:00] main.INFO: Add of item with id Magento_Analytics::advanced_reporting was processed [] []
[2023-12-21T10:48:58.559616+00:00] main.INFO: Add of item with id Magento_Analytics::bi_essentials was processed [] []
[2023-12-21T10:48:58.559668+00:00] main.INFO: Add of item with id Magento_ImportExport::system_convert_import was processed [] []
[2023-12-21T10:48:58.559716+00:00] main.INFO: Add of item with id Magento_ImportExport::system_convert_export was processed [] []
[2023-12-21T10:48:58.559763+00:00] main.INFO: Add of item with id Magento_ImportExport::system_convert_history was processed [] []
[2023-12-21T10:48:58.559817+00:00] main.INFO: Add of item with id Magento_Email::template was processed [] []
[2023-12-21T10:48:58.559865+00:00] main.INFO: Add of item with id Magento_EncryptionKey::system_crypt_key was processed [] []
[2023-12-21T10:48:58.559913+00:00] main.INFO: Add of item with id Magento_InventoryAdminUi::inventory was processed [] []
[2023-12-21T10:48:58.559965+00:00] main.INFO: Add of item with id Magento_InventoryAdminUi::source was processed [] []
[2023-12-21T10:48:58.560014+00:00] main.INFO: Add of item with id Magento_InventoryAdminUi::stock was processed [] []
[2023-12-21T10:48:58.560061+00:00] main.INFO: Add of item with id Magento_Reports::report was processed [] []
[2023-12-21T10:48:58.560108+00:00] main.INFO: Add of item with id Magento_Reports::report_marketing was processed [] []
[2023-12-21T10:48:58.560156+00:00] main.INFO: Add of item with id Magento_Reports::report_salesroot was processed [] []
[2023-12-21T10:48:58.560208+00:00] main.INFO: Add of item with id Magento_Reports::report_salesroot_sales was processed [] []
[2023-12-21T10:48:58.560256+00:00] main.INFO: Add of item with id Magento_Reports::report_salesroot_tax was processed [] []
[2023-12-21T10:48:58.560303+00:00] main.INFO: Add of item with id Magento_Reports::report_salesroot_invoiced was processed [] []
[2023-12-21T10:48:58.560351+00:00] main.INFO: Add of item with id Magento_Reports::report_salesroot_shipping was processed [] []
[2023-12-21T10:48:58.560398+00:00] main.INFO: Add of item with id Magento_Reports::report_salesroot_refunded was processed [] []
[2023-12-21T10:48:58.560445+00:00] main.INFO: Add of item with id Magento_Reports::report_salesroot_coupons was processed [] []
[2023-12-21T10:48:58.560519+00:00] main.INFO: Add of item with id Magento_Reports::report_shopcart_product was processed [] []
[2023-12-21T10:48:58.560570+00:00] main.INFO: Add of item with id Magento_Reports::report_shopcart_abandoned was processed [] []
[2023-12-21T10:48:58.560618+00:00] main.INFO: Add of item with id Magento_Reports::report_products was processed [] []
[2023-12-21T10:48:58.560665+00:00] main.INFO: Add of item with id Magento_Reports::report_products_bestsellers was processed [] []
[2023-12-21T10:48:58.560713+00:00] main.INFO: Add of item with id Magento_Reports::report_products_sold was processed [] []
[2023-12-21T10:48:58.560760+00:00] main.INFO: Add of item with id Magento_Reports::report_products_viewed was processed [] []
[2023-12-21T10:48:58.560808+00:00] main.INFO: Add of item with id Magento_Reports::report_products_lowstock was processed [] []
[2023-12-21T10:48:58.560854+00:00] main.INFO: Add of item with id Magento_Reports::report_customers was processed [] []
[2023-12-21T10:48:58.560907+00:00] main.INFO: Add of item with id Magento_Reports::report_customers_accounts was processed [] []
[2023-12-21T10:48:58.560956+00:00] main.INFO: Add of item with id Magento_Reports::report_customers_totals was processed [] []
[2023-12-21T10:48:58.561003+00:00] main.INFO: Add of item with id Magento_Reports::report_customers_orders was processed [] []
[2023-12-21T10:48:58.561050+00:00] main.INFO: Add of item with id Magento_Reports::report_statistics was processed [] []
[2023-12-21T10:48:58.561112+00:00] main.INFO: Add of item with id Magento_Reports::report_statistics_refresh was processed [] []
[2023-12-21T10:48:58.561160+00:00] main.INFO: Add of item with id Magento_Search::report_search_term was processed [] []
[2023-12-21T10:48:58.561212+00:00] main.INFO: Add of item with id Magento_LoginAsCustomerLog::login_log was processed [] []
[2023-12-21T10:48:58.561261+00:00] main.INFO: Add of item with id Magento_Marketplace::partners was processed [] []
[2023-12-21T10:48:58.561309+00:00] main.INFO: Add of item with id Magento_Newsletter::newsletter_template was processed [] []
[2023-12-21T10:48:58.561356+00:00] main.INFO: Add of item with id Magento_Newsletter::newsletter_queue was processed [] []
[2023-12-21T10:48:58.561402+00:00] main.INFO: Add of item with id Magento_Newsletter::newsletter_subscriber was processed [] []
[2023-12-21T10:48:58.561450+00:00] main.INFO: Add of item with id Magento_Newsletter::newsletter_problem was processed [] []
[2023-12-21T10:48:58.561497+00:00] main.INFO: Add of item with id Magento_SalesRule::promo_quote was processed [] []
[2023-12-21T10:48:58.561545+00:00] main.INFO: Add of item with id Magento_Sitemap::catalog_sitemap was processed [] []
[2023-12-21T10:48:58.561592+00:00] main.INFO: Add of item with id Magento_PageBuilder::templates was processed [] []
[2023-12-21T10:48:58.561640+00:00] main.INFO: Add of item with id Magento_Paypal::report_salesroot_paypal_settlement_reports was processed [] []
[2023-12-21T10:48:58.561690+00:00] main.INFO: Add of item with id Magento_Paypal::paypal_billing_agreement was processed [] []
[2023-12-21T10:48:58.561737+00:00] main.INFO: Add of item with id Magento_Review::catalog_reviews_ratings_ratings was processed [] []
[2023-12-21T10:48:58.561790+00:00] main.INFO: Add of item with id Magento_Review::catalog_reviews_ratings_pending was processed [] []
[2023-12-21T10:48:58.561853+00:00] main.INFO: Add of item with id Magento_Review::catalog_reviews_ratings_reviews_all was processed [] []
[2023-12-21T10:48:58.561933+00:00] main.INFO: Add of item with id Magento_Review::report_review was processed [] []
[2023-12-21T10:48:58.562015+00:00] main.INFO: Add of item with id Magento_Review::report_review_customer was processed [] []
[2023-12-21T10:48:58.562084+00:00] main.INFO: Add of item with id Magento_Review::report_review_product was processed [] []
[2023-12-21T10:48:58.562147+00:00] main.INFO: Add of item with id Magento_CheckoutAgreements::sales_checkoutagreement was processed [] []
[2023-12-21T10:48:58.562196+00:00] main.INFO: Add of item with id Magento_TaxImportExport::system_convert_tax was processed [] []
[2023-12-21T10:48:58.562244+00:00] main.INFO: Add of item with id Magento_AsynchronousOperations::system_magento_logging was processed [] []
[2023-12-21T10:48:58.562300+00:00] main.INFO: Add of item with id Magento_AsynchronousOperations::system_magento_logging_bulk_operations was processed [] []
[2023-12-21T10:48:58.562350+00:00] main.INFO: Add of item with id Magento_CurrencySymbol::system_currency was processed [] []
[2023-12-21T10:48:58.562403+00:00] main.INFO: Add of item with id Magento_CurrencySymbol::system_currency_rates was processed [] []
[2023-12-21T10:48:58.562451+00:00] main.INFO: Add of item with id Magento_CurrencySymbol::system_currency_symbols was processed [] []
[2023-12-21T10:48:58.562499+00:00] main.INFO: Add of item with id PayPal_Braintree::settlement_report was processed [] []
[2023-12-21T10:48:58.562546+00:00] main.INFO: Add of item with id PayPal_Braintree::virtual_terminal was processed [] []
[2023-12-21T17:15:37.509784+00:00] main.ERROR: NOTE: Manual static content deployment is not required in "default" and "developer" modes.
In "default" and "developer" modes static contents are being deployed automatically on demand.
If you still want to deploy in these modes, use -f option: 'bin/magento setup:static-content:deploy -f'
#0 /home/cloudpanel/htdocs/govind.mgtcommerce.com/setup/src/Magento/Setup/Console/Command/DeployStaticContentCommand.php(112): Magento\Setup\Console\Command\DeployStaticContentCommand->checkAppMode()
#1 /home/cloudpanel/htdocs/govind.mgtcommerce.com/vendor/symfony/console/Command/Command.php(298): Magento\Setup\Console\Command\DeployStaticContentCommand->execute()
#2 /home/cloudpanel/htdocs/govind.mgtcommerce.com/vendor/symfony/console/Application.php(1040): Symfony\Component\Console\Command\Command->run()
#3 /home/cloudpanel/htdocs/govind.mgtcommerce.com/vendor/symfony/console/Application.php(301): Symfony\Component\Console\Application->doRunCommand()
#4 /home/cloudpanel/htdocs/govind.mgtcommerce.com/vendor/magento/framework/Console/Cli.php(116): Symfony\Component\Console\Application->doRun()
#5 /home/cloudpanel/htdocs/govind.mgtcommerce.com/vendor/symfony/console/Application.php(171): Magento\Framework\Console\Cli->doRun()
#6 /home/cloudpanel/htdocs/govind.mgtcommerce.com/bin/magento(23): Symfony\Component\Console\Application->run()
#7 {main} [] []
[2023-12-21T17:17:16.385531+00:00] main.INFO: Item Magento_Backend::system_currency was removed [] []
[2023-12-21T17:17:16.394863+00:00] main.INFO: Add of item with id Magento_Config::system_config was processed [] []
[2023-12-21T17:17:16.395033+00:00] main.INFO: Add of item with id Magento_AdminNotification::system_adminnotification was processed [] []
[2023-12-21T17:17:16.395102+00:00] main.INFO: Add of item with id Magento_Theme::design_config was processed [] []
[2023-12-21T17:17:16.395160+00:00] main.INFO: Add of item with id Magento_Theme::system_design_theme was processed [] []
[2023-12-21T17:17:16.395211+00:00] main.INFO: Add of item with id Magento_Backend::system_design_schedule was processed [] []
[2023-12-21T17:17:16.395261+00:00] main.INFO: Add of item with id Magento_Backend::system_store was processed [] []
[2023-12-21T17:17:16.395311+00:00] main.INFO: Add of item with id Magento_Backend::dashboard was processed [] []
[2023-12-21T17:17:16.395359+00:00] main.INFO: Add of item with id Magento_Backend::system was processed [] []
[2023-12-21T17:17:16.395414+00:00] main.INFO: Add of item with id Magento_Backend::system_tools was processed [] []
[2023-12-21T17:17:16.395469+00:00] main.INFO: Add of item with id Magento_Backend::system_design was processed [] []
[2023-12-21T17:17:16.395518+00:00] main.INFO: Add of item with id Magento_Backend::system_convert was processed [] []
[2023-12-21T17:17:16.395570+00:00] main.INFO: Add of item with id Magento_Backend::system_cache was processed [] []
[2023-12-21T17:17:16.395619+00:00] main.INFO: Add of item with id Magento_Backend::marketing was processed [] []
[2023-12-21T17:17:16.395672+00:00] main.INFO: Add of item with id Magento_Backend::marketing_communications was processed [] []
[2023-12-21T17:17:16.395721+00:00] main.INFO: Add of item with id Magento_Backend::marketing_seo was processed [] []
[2023-12-21T17:17:16.395769+00:00] main.INFO: Add of item with id Magento_Backend::marketing_user_content was processed [] []
[2023-12-21T17:17:16.395816+00:00] main.INFO: Add of item with id Magento_Backend::content was processed [] []
[2023-12-21T17:17:16.395864+00:00] main.INFO: Add of item with id Magento_Backend::content_elements was processed [] []
[2023-12-21T17:17:16.395913+00:00] main.INFO: Add of item with id Magento_Backend::stores was processed [] []
[2023-12-21T17:17:16.395966+00:00] main.INFO: Add of item with id Magento_Backend::stores_settings was processed [] []
[2023-12-21T17:17:16.396036+00:00] main.INFO: Add of item with id Magento_Backend::stores_attributes was processed [] []
[2023-12-21T17:17:16.396086+00:00] main.INFO: Add of item with id Magento_Backend::other_settings was processed [] []
[2023-12-21T17:17:16.396134+00:00] main.INFO: Add of item with id Magento_Backend::system_other_settings was processed [] []
[2023-12-21T17:17:16.396182+00:00] main.INFO: Add of item with id Magento_User::system_acl was processed [] []
[2023-12-21T17:17:16.396236+00:00] main.INFO: Add of item with id Magento_User::system_acl_users was processed [] []
[2023-12-21T17:17:16.396285+00:00] main.INFO: Add of item with id Magento_User::system_acl_roles was processed [] []
[2023-12-21T17:17:16.396340+00:00] main.INFO: Add of item with id Magento_User::system_acl_locks was processed [] []
[2023-12-21T17:17:16.396388+00:00] main.INFO: Add of item with id Magento_Customer::customer was processed [] []
[2023-12-21T17:17:16.396440+00:00] main.INFO: Add of item with id Magento_Customer::customer_manage was processed [] []
[2023-12-21T17:17:16.396522+00:00] main.INFO: Add of item with id Magento_Customer::customer_online was processed [] []
[2023-12-21T17:17:16.396587+00:00] main.INFO: Add of item with id Magento_Customer::customer_group was processed [] []
[2023-12-21T17:17:16.396638+00:00] main.INFO: Add of item with id Magento_Backup::system_tools_backup was processed [] []
[2023-12-21T17:17:16.396687+00:00] main.INFO: Add of item with id Magento_Indexer::system_index was processed [] []
[2023-12-21T17:17:16.396736+00:00] main.INFO: Add of item with id Magento_Variable::system_variable was processed [] []
[2023-12-21T17:17:16.396792+00:00] main.INFO: Add of item with id Magento_Cms::cms_page was processed [] []
[2023-12-21T17:17:16.396843+00:00] main.INFO: Add of item with id Magento_Cms::cms_block was processed [] []
[2023-12-21T17:17:16.396890+00:00] main.INFO: Add of item with id Magento_Catalog::catalog was processed [] []
[2023-12-21T17:17:16.396944+00:00] main.INFO: Add of item with id Magento_Catalog::catalog_products was processed [] []
[2023-12-21T17:17:16.396994+00:00] main.INFO: Add of item with id Magento_Catalog::catalog_categories was processed [] []
[2023-12-21T17:17:16.397047+00:00] main.INFO: Add of item with id Magento_Catalog::catalog_attributes_attributes was processed [] []
[2023-12-21T17:17:16.397096+00:00] main.INFO: Add of item with id Magento_Catalog::catalog_attributes_sets was processed [] []
[2023-12-21T17:17:16.397148+00:00] main.INFO: Add of item with id Magento_Catalog::inventory was processed [] []
[2023-12-21T17:17:16.397202+00:00] main.INFO: Add of item with id Magento_Search::search_terms was processed [] []
[2023-12-21T17:17:16.397250+00:00] main.INFO: Add of item with id Magento_Search::search_synonyms was processed [] []
[2023-12-21T17:17:16.397318+00:00] main.INFO: Add of item with id Magento_CatalogRule::promo was processed [] []
[2023-12-21T17:17:16.397376+00:00] main.INFO: Add of item with id Magento_CatalogRule::promo_catalog was processed [] []
[2023-12-21T17:17:16.397425+00:00] main.INFO: Add of item with id Magento_Sales::sales was processed [] []
[2023-12-21T17:17:16.397477+00:00] main.INFO: Add of item with id Magento_Sales::sales_operation was processed [] []
[2023-12-21T17:17:16.397537+00:00] main.INFO: Add of item with id Magento_Sales::sales_order was processed [] []
[2023-12-21T17:17:16.397587+00:00] main.INFO: Add of item with id Magento_Sales::sales_invoice was processed [] []
[2023-12-21T17:17:16.397635+00:00] main.INFO: Add of item with id Magento_Sales::sales_shipment was processed [] []
[2023-12-21T17:17:16.397683+00:00] main.INFO: Add of item with id Magento_Sales::sales_creditmemo was processed [] []
[2023-12-21T17:17:16.397731+00:00] main.INFO: Add of item with id Magento_Sales::sales_transactions was processed [] []
[2023-12-21T17:17:16.397779+00:00] main.INFO: Add of item with id Magento_Sales::system_order_statuses was processed [] []
[2023-12-21T17:17:16.397827+00:00] main.INFO: Add of item with id Magento_MediaGalleryUi::media was processed [] []
[2023-12-21T17:17:16.397891+00:00] main.INFO: Add of item with id Magento_MediaGalleryUi::media_gallery was processed [] []
[2023-12-21T17:17:16.397949+00:00] main.INFO: Add of item with id Magento_Downloadable::report_products_downloads was processed [] []
[2023-12-21T17:17:16.398012+00:00] main.INFO: Add of item with id Magento_Integration::system_extensions was processed [] []
[2023-12-21T17:17:16.398067+00:00] main.INFO: Add of item with id Magento_Integration::system_integrations was processed [] []
[2023-12-21T17:17:16.398118+00:00] main.INFO: Add of item with id Magento_UrlRewrite::urlrewrite was processed [] []
[2023-12-21T17:17:16.398167+00:00] main.INFO: Add of item with id Magento_Tax::sales_tax was processed [] []
[2023-12-21T17:17:16.398229+00:00] main.INFO: Add of item with id Magento_Tax::sales_tax_rules was processed [] []
[2023-12-21T17:17:16.398279+00:00] main.INFO: Add of item with id Magento_Tax::sales_tax_rates was processed [] []
[2023-12-21T17:17:16.398327+00:00] main.INFO: Add of item with id Magento_Widget::cms_widget_instance was processed [] []
[2023-12-21T17:17:16.398380+00:00] main.INFO: Add of item with id Magento_Analytics::business_intelligence was processed [] []
[2023-12-21T17:17:16.398433+00:00] main.INFO: Add of item with id Magento_Analytics::advanced_reporting was processed [] []
[2023-12-21T17:17:16.398481+00:00] main.INFO: Add of item with id Magento_Analytics::bi_essentials was processed [] []
[2023-12-21T17:17:16.398534+00:00] main.INFO: Add of item with id Magento_ImportExport::system_convert_import was processed [] []
[2023-12-21T17:17:16.398582+00:00] main.INFO: Add of item with id Magento_ImportExport::system_convert_export was processed [] []
[2023-12-21T17:17:16.398629+00:00] main.INFO: Add of item with id Magento_ImportExport::system_convert_history was processed [] []
[2023-12-21T17:17:16.398682+00:00] main.INFO: Add of item with id Magento_Email::template was processed [] []
[2023-12-21T17:17:16.398730+00:00] main.INFO: Add of item with id Magento_EncryptionKey::system_crypt_key was processed [] []
[2023-12-21T17:17:16.398778+00:00] main.INFO: Add of item with id Magento_InventoryAdminUi::inventory was processed [] []
[2023-12-21T17:17:16.398830+00:00] main.INFO: Add of item with id Magento_InventoryAdminUi::source was processed [] []
[2023-12-21T17:17:16.398877+00:00] main.INFO: Add of item with id Magento_InventoryAdminUi::stock was processed [] []
[2023-12-21T17:17:16.398924+00:00] main.INFO: Add of item with id Magento_Reports::report was processed [] []
[2023-12-21T17:17:16.398972+00:00] main.INFO: Add of item with id Magento_Reports::report_marketing was processed [] []
[2023-12-21T17:17:16.399020+00:00] main.INFO: Add of item with id Magento_Reports::report_salesroot was processed [] []
[2023-12-21T17:17:16.399073+00:00] main.INFO: Add of item with id Magento_Reports::report_salesroot_sales was processed [] []
[2023-12-21T17:17:16.399122+00:00] main.INFO: Add of item with id Magento_Reports::report_salesroot_tax was processed [] []
[2023-12-21T17:17:16.399170+00:00] main.INFO: Add of item with id Magento_Reports::report_salesroot_invoiced was processed [] []
[2023-12-21T17:17:16.399217+00:00] main.INFO: Add of item with id Magento_Reports::report_salesroot_shipping was processed [] []
[2023-12-21T17:17:16.399265+00:00] main.INFO: Add of item with id Magento_Reports::report_salesroot_refunded was processed [] []
[2023-12-21T17:17:16.399313+00:00] main.INFO: Add of item with id Magento_Reports::report_salesroot_coupons was processed [] []
[2023-12-21T17:17:16.399365+00:00] main.INFO: Add of item with id Magento_Reports::report_shopcart_product was processed [] []
[2023-12-21T17:17:16.399413+00:00] main.INFO: Add of item with id Magento_Reports::report_shopcart_abandoned was processed [] []
[2023-12-21T17:17:16.399461+00:00] main.INFO: Add of item with id Magento_Reports::report_products was processed [] []
[2023-12-21T17:17:16.399508+00:00] main.INFO: Add of item with id Magento_Reports::report_products_bestsellers was processed [] []
[2023-12-21T17:17:16.399556+00:00] main.INFO: Add of item with id Magento_Reports::report_products_sold was processed [] []
[2023-12-21T17:17:16.399612+00:00] main.INFO: Add of item with id Magento_Reports::report_products_viewed was processed [] []
[2023-12-21T17:17:16.399661+00:00] main.INFO: Add of item with id Magento_Reports::report_products_lowstock was processed [] []
[2023-12-21T17:17:16.399709+00:00] main.INFO: Add of item with id Magento_Reports::report_customers was processed [] []
[2023-12-21T17:17:16.399761+00:00] main.INFO: Add of item with id Magento_Reports::report_customers_accounts was processed [] []
[2023-12-21T17:17:16.399809+00:00] main.INFO: Add of item with id Magento_Reports::report_customers_totals was processed [] []
[2023-12-21T17:17:16.399863+00:00] main.INFO: Add of item with id Magento_Reports::report_customers_orders was processed [] []
[2023-12-21T17:17:16.399910+00:00] main.INFO: Add of item with id Magento_Reports::report_statistics was processed [] []
[2023-12-21T17:17:16.399963+00:00] main.INFO: Add of item with id Magento_Reports::report_statistics_refresh was processed [] []
[2023-12-21T17:17:16.400011+00:00] main.INFO: Add of item with id Magento_Search::report_search_term was processed [] []
[2023-12-21T17:17:16.400059+00:00] main.INFO: Add of item with id Magento_LoginAsCustomerLog::login_log was processed [] []
[2023-12-21T17:17:16.400106+00:00] main.INFO: Add of item with id Magento_Marketplace::partners was processed [] []
[2023-12-21T17:17:16.400153+00:00] main.INFO: Add of item with id Magento_Newsletter::newsletter_template was processed [] []
[2023-12-21T17:17:16.400200+00:00] main.INFO: Add of item with id Magento_Newsletter::newsletter_queue was processed [] []
[2023-12-21T17:17:16.400248+00:00] main.INFO: Add of item with id Magento_Newsletter::newsletter_subscriber was processed [] []
[2023-12-21T17:17:16.400295+00:00] main.INFO: Add of item with id Magento_Newsletter::newsletter_problem was processed [] []
[2023-12-21T17:17:16.400342+00:00] main.INFO: Add of item with id Magento_SalesRule::promo_quote was processed [] []
[2023-12-21T17:17:16.400390+00:00] main.INFO: Add of item with id Magento_Sitemap::catalog_sitemap was processed [] []
[2023-12-21T17:17:16.400437+00:00] main.INFO: Add of item with id Magento_PageBuilder::templates was processed [] []
[2023-12-21T17:17:16.400522+00:00] main.INFO: Add of item with id Magento_Paypal::report_salesroot_paypal_settlement_reports was processed [] []
[2023-12-21T17:17:16.400579+00:00] main.INFO: Add of item with id Magento_Paypal::paypal_billing_agreement was processed [] []
[2023-12-21T17:17:16.400628+00:00] main.INFO: Add of item with id Magento_Review::catalog_reviews_ratings_ratings was processed [] []
[2023-12-21T17:17:16.400683+00:00] main.INFO: Add of item with id Magento_Review::catalog_reviews_ratings_pending was processed [] []
[2023-12-21T17:17:16.400732+00:00] main.INFO: Add of item with id Magento_Review::catalog_reviews_ratings_reviews_all was processed [] []
[2023-12-21T17:17:16.400780+00:00] main.INFO: Add of item with id Magento_Review::report_review was processed [] []
[2023-12-21T17:17:16.400833+00:00] main.INFO: Add of item with id Magento_Review::report_review_customer was processed [] []
[2023-12-21T17:17:16.400881+00:00] main.INFO: Add of item with id Magento_Review::report_review_product was processed [] []
[2023-12-21T17:17:16.400928+00:00] main.INFO: Add of item with id Magento_CheckoutAgreements::sales_checkoutagreement was processed [] []
[2023-12-21T17:17:16.400976+00:00] main.INFO: Add of item with id Magento_TaxImportExport::system_convert_tax was processed [] []
[2023-12-21T17:17:16.401024+00:00] main.INFO: Add of item with id Magento_AsynchronousOperations::system_magento_logging was processed [] []
[2023-12-21T17:17:16.401076+00:00] main.INFO: Add of item with id Magento_AsynchronousOperations::system_magento_logging_bulk_operations was processed [] []
[2023-12-21T17:17:16.401125+00:00] main.INFO: Add of item with id Magento_CurrencySymbol::system_currency was processed [] []
[2023-12-21T17:17:16.401177+00:00] main.INFO: Add of item with id Magento_CurrencySymbol::system_currency_rates was processed [] []
[2023-12-21T17:17:16.401233+00:00] main.INFO: Add of item with id Magento_CurrencySymbol::system_currency_symbols was processed [] []
[2023-12-21T17:17:16.401280+00:00] main.INFO: Add of item with id PayPal_Braintree::settlement_report was processed [] []
[2023-12-21T17:17:16.401328+00:00] main.INFO: Add of item with id PayPal_Braintree::virtual_terminal was processed [] []
[2023-12-22T08:34:57.368048+00:00] main.INFO: Item Magento_Backend::system_currency was removed [] []
[2023-12-22T08:34:57.378269+00:00] main.INFO: Add of item with id Magento_Config::system_config was processed [] []
[2023-12-22T08:34:57.378478+00:00] main.INFO: Add of item with id Magento_AdminNotification::system_adminnotification was processed [] []
[2023-12-22T08:34:57.378547+00:00] main.INFO: Add of item with id Magento_Theme::design_config was processed [] []
[2023-12-22T08:34:57.378599+00:00] main.INFO: Add of item with id Magento_Theme::system_design_theme was processed [] []
[2023-12-22T08:34:57.378649+00:00] main.INFO: Add of item with id Magento_Backend::system_design_schedule was processed [] []
[2023-12-22T08:34:57.378699+00:00] main.INFO: Add of item with id Magento_Backend::system_store was processed [] []
[2023-12-22T08:34:57.378747+00:00] main.INFO: Add of item with id Magento_Backend::dashboard was processed [] []
[2023-12-22T08:34:57.378794+00:00] main.INFO: Add of item with id Magento_Backend::system was processed [] []
[2023-12-22T08:34:57.378848+00:00] main.INFO: Add of item with id Magento_Backend::system_tools was processed [] []
[2023-12-22T08:34:57.378901+00:00] main.INFO: Add of item with id Magento_Backend::system_design was processed [] []
[2023-12-22T08:34:57.378949+00:00] main.INFO: Add of item with id Magento_Backend::system_convert was processed [] []
[2023-12-22T08:34:57.379002+00:00] main.INFO: Add of item with id Magento_Backend::system_cache was processed [] []
[2023-12-22T08:34:57.379050+00:00] main.INFO: Add of item with id Magento_Backend::marketing was processed [] []
[2023-12-22T08:34:57.379103+00:00] main.INFO: Add of item with id Magento_Backend::marketing_communications was processed [] []
[2023-12-22T08:34:57.379151+00:00] main.INFO: Add of item with id Magento_Backend::marketing_seo was processed [] []
[2023-12-22T08:34:57.379198+00:00] main.INFO: Add of item with id Magento_Backend::marketing_user_content was processed [] []
[2023-12-22T08:34:57.379245+00:00] main.INFO: Add of item with id Magento_Backend::content was processed [] []
[2023-12-22T08:34:57.379291+00:00] main.INFO: Add of item with id Magento_Backend::content_elements was processed [] []
[2023-12-22T08:34:57.379338+00:00] main.INFO: Add of item with id Magento_Backend::stores was processed [] []
[2023-12-22T08:34:57.379390+00:00] main.INFO: Add of item with id Magento_Backend::stores_settings was processed [] []
[2023-12-22T08:34:57.379447+00:00] main.INFO: Add of item with id Magento_Backend::stores_attributes was processed [] []
[2023-12-22T08:34:57.379495+00:00] main.INFO: Add of item with id Magento_Backend::other_settings was processed [] []
[2023-12-22T08:34:57.379542+00:00] main.INFO: Add of item with id Magento_Backend::system_other_settings was processed [] []
[2023-12-22T08:34:57.379588+00:00] main.INFO: Add of item with id Magento_User::system_acl was processed [] []
[2023-12-22T08:34:57.379641+00:00] main.INFO: Add of item with id Magento_User::system_acl_users was processed [] []
[2023-12-22T08:34:57.379689+00:00] main.INFO: Add of item with id Magento_User::system_acl_roles was processed [] []
[2023-12-22T08:34:57.379735+00:00] main.INFO: Add of item with id Magento_User::system_acl_locks was processed [] []
[2023-12-22T08:34:57.379782+00:00] main.INFO: Add of item with id Magento_Customer::customer was processed [] []
[2023-12-22T08:34:57.379834+00:00] main.INFO: Add of item with id Magento_Customer::customer_manage was processed [] []
[2023-12-22T08:34:57.379882+00:00] main.INFO: Add of item with id Magento_Customer::customer_online was processed [] []
[2023-12-22T08:34:57.379929+00:00] main.INFO: Add of item with id Magento_Customer::customer_group was processed [] []
[2023-12-22T08:34:57.379976+00:00] main.INFO: Add of item with id Magento_Backup::system_tools_backup was processed [] []
[2023-12-22T08:34:57.380023+00:00] main.INFO: Add of item with id Magento_Indexer::system_index was processed [] []
[2023-12-22T08:34:57.380070+00:00] main.INFO: Add of item with id Magento_Variable::system_variable was processed [] []
[2023-12-22T08:34:57.380122+00:00] main.INFO: Add of item with id Magento_Cms::cms_page was processed [] []
[2023-12-22T08:34:57.380171+00:00] main.INFO: Add of item with id Magento_Cms::cms_block was processed [] []
[2023-12-22T08:34:57.380229+00:00] main.INFO: Add of item with id Magento_Catalog::catalog was processed [] []
[2023-12-22T08:34:57.380282+00:00] main.INFO: Add of item with id Magento_Catalog::catalog_products was processed [] []
[2023-12-22T08:34:57.380331+00:00] main.INFO: Add of item with id Magento_Catalog::catalog_categories was processed [] []
[2023-12-22T08:34:57.380384+00:00] main.INFO: Add of item with id Magento_Catalog::catalog_attributes_attributes was processed [] []
[2023-12-22T08:34:57.380433+00:00] main.INFO: Add of item with id Magento_Catalog::catalog_attributes_sets was processed [] []
[2023-12-22T08:34:57.380485+00:00] main.INFO: Add of item with id Magento_Catalog::inventory was processed [] []
[2023-12-22T08:34:57.380541+00:00] main.INFO: Add of item with id Magento_Search::search_terms was processed [] []
[2023-12-22T08:34:57.380589+00:00] main.INFO: Add of item with id Magento_Search::search_synonyms was processed [] []
[2023-12-22T08:34:57.380636+00:00] main.INFO: Add of item with id Magento_CatalogRule::promo was processed [] []
[2023-12-22T08:34:57.380687+00:00] main.INFO: Add of item with id Magento_CatalogRule::promo_catalog was processed [] []
[2023-12-22T08:34:57.380735+00:00] main.INFO: Add of item with id Magento_Sales::sales was processed [] []
[2023-12-22T08:34:57.380786+00:00] main.INFO: Add of item with id Magento_Sales::sales_operation was processed [] []
[2023-12-22T08:34:57.380845+00:00] main.INFO: Add of item with id Magento_Sales::sales_order was processed [] []
[2023-12-22T08:34:57.380892+00:00] main.INFO: Add of item with id Magento_Sales::sales_invoice was processed [] []
[2023-12-22T08:34:57.380965+00:00] main.INFO: Add of item with id Magento_Sales::sales_shipment was processed [] []
[2023-12-22T08:34:57.381015+00:00] main.INFO: Add of item with id Magento_Sales::sales_creditmemo was processed [] []
[2023-12-22T08:34:57.381062+00:00] main.INFO: Add of item with id Magento_Sales::sales_transactions was processed [] []
[2023-12-22T08:34:57.381109+00:00] main.INFO: Add of item with id Magento_Sales::system_order_statuses was processed [] []
[2023-12-22T08:34:57.381156+00:00] main.INFO: Add of item with id Magento_MediaGalleryUi::media was processed [] []
[2023-12-22T08:34:57.381219+00:00] main.INFO: Add of item with id Magento_MediaGalleryUi::media_gallery was processed [] []
[2023-12-22T08:34:57.381278+00:00] main.INFO: Add of item with id Magento_Downloadable::report_products_downloads was processed [] []
[2023-12-22T08:34:57.381333+00:00] main.INFO: Add of item with id Magento_Integration::system_extensions was processed [] []
[2023-12-22T08:34:57.381395+00:00] main.INFO: Add of item with id Magento_Integration::system_integrations was processed [] []
[2023-12-22T08:34:57.381448+00:00] main.INFO: Add of item with id Magento_UrlRewrite::urlrewrite was processed [] []
[2023-12-22T08:34:57.381499+00:00] main.INFO: Add of item with id Magento_Tax::sales_tax was processed [] []
[2023-12-22T08:34:57.381555+00:00] main.INFO: Add of item with id Magento_Tax::sales_tax_rules was processed [] []
[2023-12-22T08:34:57.381609+00:00] main.INFO: Add of item with id Magento_Tax::sales_tax_rates was processed [] []
[2023-12-22T08:34:57.381660+00:00] main.INFO: Add of item with id Magento_Widget::cms_widget_instance was processed [] []
[2023-12-22T08:34:57.381719+00:00] main.INFO: Add of item with id Magento_Analytics::business_intelligence was processed [] []
[2023-12-22T08:34:57.381774+00:00] main.INFO: Add of item with id Magento_Analytics::advanced_reporting was processed [] []
[2023-12-22T08:34:57.381827+00:00] main.INFO: Add of item with id Magento_Analytics::bi_essentials was processed [] []
[2023-12-22T08:34:57.381884+00:00] main.INFO: Add of item with id Magento_ImportExport::system_convert_import was processed [] []
[2023-12-22T08:34:57.381934+00:00] main.INFO: Add of item with id Magento_ImportExport::system_convert_export was processed [] []
[2023-12-22T08:34:57.381981+00:00] main.INFO: Add of item with id Magento_ImportExport::system_convert_history was processed [] []
[2023-12-22T08:34:57.382038+00:00] main.INFO: Add of item with id Magento_Email::template was processed [] []
[2023-12-22T08:34:57.382086+00:00] main.INFO: Add of item with id Magento_EncryptionKey::system_crypt_key was processed [] []
[2023-12-22T08:34:57.382133+00:00] main.INFO: Add of item with id Magento_InventoryAdminUi::inventory was processed [] []
[2023-12-22T08:34:57.382185+00:00] main.INFO: Add of item with id Magento_InventoryAdminUi::source was processed [] []
[2023-12-22T08:34:57.382231+00:00] main.INFO: Add of item with id Magento_InventoryAdminUi::stock was processed [] []
[2023-12-22T08:34:57.382278+00:00] main.INFO: Add of item with id Magento_Reports::report was processed [] []
[2023-12-22T08:34:57.382343+00:00] main.INFO: Add of item with id Magento_Reports::report_marketing was processed [] []
[2023-12-22T08:34:57.382392+00:00] main.INFO: Add of item with id Magento_Reports::report_salesroot was processed [] []
[2023-12-22T08:34:57.382445+00:00] main.INFO: Add of item with id Magento_Reports::report_salesroot_sales was processed [] []
[2023-12-22T08:34:57.382492+00:00] main.INFO: Add of item with id Magento_Reports::report_salesroot_tax was processed [] []
[2023-12-22T08:34:57.382538+00:00] main.INFO: Add of item with id Magento_Reports::report_salesroot_invoiced was processed [] []
[2023-12-22T08:34:57.382584+00:00] main.INFO: Add of item with id Magento_Reports::report_salesroot_shipping was processed [] []
[2023-12-22T08:34:57.382630+00:00] main.INFO: Add of item with id Magento_Reports::report_salesroot_refunded was processed [] []
[2023-12-22T08:34:57.382676+00:00] main.INFO: Add of item with id Magento_Reports::report_salesroot_coupons was processed [] []
[2023-12-22T08:34:57.382728+00:00] main.INFO: Add of item with id Magento_Reports::report_shopcart_product was processed [] []
[2023-12-22T08:34:57.382775+00:00] main.INFO: Add of item with id Magento_Reports::report_shopcart_abandoned was processed [] []
[2023-12-22T08:34:57.382822+00:00] main.INFO: Add of item with id Magento_Reports::report_products was processed [] []
[2023-12-22T08:34:57.382870+00:00] main.INFO: Add of item with id Magento_Reports::report_products_bestsellers was processed [] []
[2023-12-22T08:34:57.382923+00:00] main.INFO: Add of item with id Magento_Reports::report_products_sold was processed [] []
[2023-12-22T08:34:57.382970+00:00] main.INFO: Add of item with id Magento_Reports::report_products_viewed was processed [] []
[2023-12-22T08:34:57.383030+00:00] main.INFO: Add of item with id Magento_Reports::report_products_lowstock was processed [] []
[2023-12-22T08:34:57.383083+00:00] main.INFO: Add of item with id Magento_Reports::report_customers was processed [] []
[2023-12-22T08:34:57.383137+00:00] main.INFO: Add of item with id Magento_Reports::report_customers_accounts was processed [] []
[2023-12-22T08:34:57.383186+00:00] main.INFO: Add of item with id Magento_Reports::report_customers_totals was processed [] []
[2023-12-22T08:34:57.383233+00:00] main.INFO: Add of item with id Magento_Reports::report_customers_orders was processed [] []
[2023-12-22T08:34:57.383280+00:00] main.INFO: Add of item with id Magento_Reports::report_statistics was processed [] []
[2023-12-22T08:34:57.383331+00:00] main.INFO: Add of item with id Magento_Reports::report_statistics_refresh was processed [] []
[2023-12-22T08:34:57.383379+00:00] main.INFO: Add of item with id Magento_Search::report_search_term was processed [] []
[2023-12-22T08:34:57.383427+00:00] main.INFO: Add of item with id Magento_LoginAsCustomerLog::login_log was processed [] []
[2023-12-22T08:34:57.383473+00:00] main.INFO: Add of item with id Magento_Marketplace::partners was processed [] []
[2023-12-22T08:34:57.383520+00:00] main.INFO: Add of item with id Magento_Newsletter::newsletter_template was processed [] []
[2023-12-22T08:34:57.383567+00:00] main.INFO: Add of item with id Magento_Newsletter::newsletter_queue was processed [] []
[2023-12-22T08:34:57.383614+00:00] main.INFO: Add of item with id Magento_Newsletter::newsletter_subscriber was processed [] []
[2023-12-22T08:34:57.383667+00:00] main.INFO: Add of item with id Magento_Newsletter::newsletter_problem was processed [] []
[2023-12-22T08:34:57.383714+00:00] main.INFO: Add of item with id Magento_SalesRule::promo_quote was processed [] []
[2023-12-22T08:34:57.383761+00:00] main.INFO: Add of item with id Magento_Sitemap::catalog_sitemap was processed [] []
[2023-12-22T08:34:57.383808+00:00] main.INFO: Add of item with id Magento_PageBuilder::templates was processed [] []
[2023-12-22T08:34:57.383855+00:00] main.INFO: Add of item with id Magento_Paypal::report_salesroot_paypal_settlement_reports was processed [] []
[2023-12-22T08:34:57.383902+00:00] main.INFO: Add of item with id Magento_Paypal::paypal_billing_agreement was processed [] []
[2023-12-22T08:34:57.383949+00:00] main.INFO: Add of item with id Magento_Review::catalog_reviews_ratings_ratings was processed [] []
[2023-12-22T08:34:57.384001+00:00] main.INFO: Add of item with id Magento_Review::catalog_reviews_ratings_pending was processed [] []
[2023-12-22T08:34:57.384048+00:00] main.INFO: Add of item with id Magento_Review::catalog_reviews_ratings_reviews_all was processed [] []
[2023-12-22T08:34:57.384096+00:00] main.INFO: Add of item with id Magento_Review::report_review was processed [] []
[2023-12-22T08:34:57.384147+00:00] main.INFO: Add of item with id Magento_Review::report_review_customer was processed [] []
[2023-12-22T08:34:57.384195+00:00] main.INFO: Add of item with id Magento_Review::report_review_product was processed [] []
[2023-12-22T08:34:57.384242+00:00] main.INFO: Add of item with id Magento_CheckoutAgreements::sales_checkoutagreement was processed [] []
[2023-12-22T08:34:57.384288+00:00] main.INFO: Add of item with id Magento_TaxImportExport::system_convert_tax was processed [] []
[2023-12-22T08:34:57.384335+00:00] main.INFO: Add of item with id Magento_AsynchronousOperations::system_magento_logging was processed [] []
[2023-12-22T08:34:57.384387+00:00] main.INFO: Add of item with id Magento_AsynchronousOperations::system_magento_logging_bulk_operations was processed [] []
[2023-12-22T08:34:57.384435+00:00] main.INFO: Add of item with id Magento_CurrencySymbol::system_currency was processed [] []
[2023-12-22T08:34:57.384492+00:00] main.INFO: Add of item with id Magento_CurrencySymbol::system_currency_rates was processed [] []
[2023-12-22T08:34:57.384539+00:00] main.INFO: Add of item with id Magento_CurrencySymbol::system_currency_symbols was processed [] []
[2023-12-22T08:34:57.384586+00:00] main.INFO: Add of item with id PayPal_Braintree::settlement_report was processed [] []
[2023-12-22T08:34:57.384633+00:00] main.INFO: Add of item with id PayPal_Braintree::virtual_terminal was processed [] []
[2023-12-22T11:30:16.980881+00:00] main.ERROR: SQLSTATE[23000]: Integrity constraint violation: 1062 Duplicate entry 'Magento_BundleSampleData' for key 'setup_module.PRIMARY', query was: INSERT INTO `setup_module` (`module`, `data_version`) VALUES (?, ?)
#0 /home/cloudpanel/htdocs/govind.mgtcommerce.com/vendor/magento/framework/DB/Adapter/Pdo/Mysql.php(634): Magento\Framework\DB\Adapter\Pdo\Mysql->_query()
#1 /home/cloudpanel/htdocs/govind.mgtcommerce.com/vendor/magento/zend-db/library/Zend/Db/Adapter/Abstract.php(576): Magento\Framework\DB\Adapter\Pdo\Mysql->query()
#2 /home/cloudpanel/htdocs/govind.mgtcommerce.com/vendor/magento/framework/Module/ModuleResource.php(137): Zend_Db_Adapter_Abstract->insert()
#3 /home/cloudpanel/htdocs/govind.mgtcommerce.com/vendor/magento/module-sample-data/Console/Command/SampleDataResetCommand.php(73): Magento\Framework\Module\ModuleResource->setDataVersion()
#4 /home/cloudpanel/htdocs/govind.mgtcommerce.com/vendor/symfony/console/Command/Command.php(298): Magento\SampleData\Console\Command\SampleDataResetCommand->execute()
#5 /home/cloudpanel/htdocs/govind.mgtcommerce.com/vendor/magento/framework/Interception/Interceptor.php(58): Symfony\Component\Console\Command\Command->run()
#6 /home/cloudpanel/htdocs/govind.mgtcommerce.com/vendor/magento/framework/Interception/Interceptor.php(138): Magento\SampleData\Console\Command\SampleDataResetCommand\Interceptor->___callParent()
#7 /home/cloudpanel/htdocs/govind.mgtcommerce.com/vendor/magento/framework/Interception/Interceptor.php(153): Magento\SampleData\Console\Command\SampleDataResetCommand\Interceptor->Magento\Framework\Interception\{closure}()
#8 /home/cloudpanel/htdocs/govind.mgtcommerce.com/generated/code/Magento/SampleData/Console/Command/SampleDataResetCommand/Interceptor.php(23): Magento\SampleData\Console\Command\SampleDataResetCommand\Interceptor->___callPlugins()
#9 /home/cloudpanel/htdocs/govind.mgtcommerce.com/vendor/symfony/console/Application.php(1040): Magento\SampleData\Console\Command\SampleDataResetCommand\Interceptor->run()
#10 /home/cloudpanel/htdocs/govind.mgtcommerce.com/vendor/symfony/console/Application.php(301): Symfony\Component\Console\Application->doRunCommand()
#11 /home/cloudpanel/htdocs/govind.mgtcommerce.com/vendor/magento/framework/Console/Cli.php(116): Symfony\Component\Console\Application->doRun()
#12 /home/cloudpanel/htdocs/govind.mgtcommerce.com/vendor/symfony/console/Application.php(171): Magento\Framework\Console\Cli->doRun()
#13 /home/cloudpanel/htdocs/govind.mgtcommerce.com/bin/magento(23): Symfony\Component\Console\Application->run()
#14 {main} [] []
[2023-12-22T11:31:58.364002+00:00] main.ERROR: SQLSTATE[23000]: Integrity constraint violation: 1062 Duplicate entry 'Magento_BundleSampleData' for key 'setup_module.PRIMARY', query was: INSERT INTO `setup_module` (`module`, `data_version`) VALUES (?, ?)
#0 /home/cloudpanel/htdocs/govind.mgtcommerce.com/vendor/magento/framework/DB/Adapter/Pdo/Mysql.php(634): Magento\Framework\DB\Adapter\Pdo\Mysql->_query()
#1 /home/cloudpanel/htdocs/govind.mgtcommerce.com/generated/code/Magento/Framework/DB/Adapter/Pdo/Mysql/Interceptor.php(95): Magento\Framework\DB\Adapter\Pdo\Mysql->query()
#2 /home/cloudpanel/htdocs/govind.mgtcommerce.com/vendor/magento/zend-db/library/Zend/Db/Adapter/Abstract.php(576): Magento\Framework\DB\Adapter\Pdo\Mysql\Interceptor->query()
#3 /home/cloudpanel/htdocs/govind.mgtcommerce.com/generated/code/Magento/Framework/DB/Adapter/Pdo/Mysql/Interceptor.php(1049): Zend_Db_Adapter_Abstract->insert()
#4 /home/cloudpanel/htdocs/govind.mgtcommerce.com/vendor/magento/framework/Module/ModuleResource.php(137): Magento\Framework\DB\Adapter\Pdo\Mysql\Interceptor->insert()
#5 /home/cloudpanel/htdocs/govind.mgtcommerce.com/vendor/magento/module-sample-data/Console/Command/SampleDataResetCommand.php(73): Magento\Framework\Module\ModuleResource->setDataVersion()
#6 /home/cloudpanel/htdocs/govind.mgtcommerce.com/vendor/symfony/console/Command/Command.php(298): Magento\SampleData\Console\Command\SampleDataResetCommand->execute()
#7 /home/cloudpanel/htdocs/govind.mgtcommerce.com/vendor/magento/framework/Interception/Interceptor.php(58): Symfony\Component\Console\Command\Command->run()
#8 /home/cloudpanel/htdocs/govind.mgtcommerce.com/vendor/magento/framework/Interception/Interceptor.php(138): Magento\SampleData\Console\Command\SampleDataResetCommand\Interceptor->___callParent()
#9 /home/cloudpanel/htdocs/govind.mgtcommerce.com/vendor/magento/framework/Interception/Interceptor.php(153): Magento\SampleData\Console\Command\SampleDataResetCommand\Interceptor->Magento\Framework\Interception\{closure}()
#10 /home/cloudpanel/htdocs/govind.mgtcommerce.com/generated/code/Magento/SampleData/Console/Command/SampleDataResetCommand/Interceptor.php(77): Magento\SampleData\Console\Command\SampleDataResetCommand\Interceptor->___callPlugins()
#11 /home/cloudpanel/htdocs/govind.mgtcommerce.com/vendor/symfony/console/Application.php(1040): Magento\SampleData\Console\Command\SampleDataResetCommand\Interceptor->run()
#12 /home/cloudpanel/htdocs/govind.mgtcommerce.com/vendor/symfony/console/Application.php(301): Symfony\Component\Console\Application->doRunCommand()
#13 /home/cloudpanel/htdocs/govind.mgtcommerce.com/vendor/magento/framework/Console/Cli.php(116): Symfony\Component\Console\Application->doRun()
#14 /home/cloudpanel/htdocs/govind.mgtcommerce.com/vendor/symfony/console/Application.php(171): Magento\Framework\Console\Cli->doRun()
#15 /home/cloudpanel/htdocs/govind.mgtcommerce.com/bin/magento(23): Symfony\Component\Console\Application->run()
#16 {main} [] []
